nohup: ignoring input
==============================
 HybridOptimizer Server Sync
 Repo:      /home/prml/StudentsWork/JungWoo/Optimizer
 Branch:    main
 Interval:  10s
 Auto-push: true
==============================
[2026-04-07 14:56:02] Local changes detected → pushing...
[main 62d2b3d] result: 2026-04-07 14:56:02
 1 file changed, 9 insertions(+)
 create mode 100644 sync.log
To github.com:orion-gz/Hybrid-Optimizer.git
   80a93e6..62d2b3d  main -> main
[2026-04-07 14:56:02] Pushed.
[2026-04-07 14:56:16] Local changes detected → pushing...
[main 459815a] result: 2026-04-07 14:56:16
 1 file changed, 7 insertions(+)
To github.com:orion-gz/Hybrid-Optimizer.git
   62d2b3d..459815a  main -> main
[2026-04-07 14:56:16] Pushed.
[2026-04-07 14:56:31] Local changes detected → pushing...
[main 7042f7a] result: 2026-04-07 14:56:31
 1 file changed, 6 insertions(+)
To github.com:orion-gz/Hybrid-Optimizer.git
   459815a..7042f7a  main -> main
[2026-04-07 14:56:31] Pushed.
[2026-04-07 14:56:45] Local changes detected → pushing...
[main f15a0b6] result: 2026-04-07 14:56:45
 1 file changed, 6 insertions(+)
To github.com:orion-gz/Hybrid-Optimizer.git
   7042f7a..f15a0b6  main -> main
[2026-04-07 14:56:45] Pushed.
[2026-04-07 14:56:59] Local changes detected → pushing...
